{"timestamp":"2024-07-10 14:56:56.450","level":"INFO","thread":"main","logger":"com.example.demo.DemoApplication","message":"Starting DemoApplication using Java 22.0.1 with PID 12978 (/Users/markolumbar/Downloads/demo 2/target/classes started by markolumbar in /Users/markolumbar/Downloads/demo 2)","context":"default"}
{"timestamp":"2024-07-10 14:56:56.456","level":"INFO","thread":"main","logger":"com.example.demo.DemoApplication","message":"No active profile set, falling back to 1 default profile: \"default\"","context":"default"}
{"timestamp":"2024-07-10 14:56:56.762","level":"INFO","thread":"main","logger":"org.springframework.data.repository.config.RepositoryConfigurationDelegate","message":"Multiple Spring Data modules found, entering strict repository configuration mode","context":"default"}
{"timestamp":"2024-07-10 14:56:56.763","level":"INFO","thread":"main","logger":"org.springframework.data.repository.config.RepositoryConfigurationDelegate","message":"Bootstrapping Spring Data JPA repositories in DEFAULT mode.","context":"default"}
{"timestamp":"2024-07-10 14:56:56.775","level":"INFO","thread":"main","logger":"org.springframework.data.repository.config.RepositoryConfigurationExtensionSupport","message":"Spring Data JPA - Could not safely identify store assignment for repository candidate interface com.example.demo.wikipedia.WikipediaRepository; If you want this repository to be a JPA repository, consider annotating your entities with one of these annotations: jakarta.persistence.Entity, jakarta.persistence.MappedSuperclass (preferred), or consider extending one of the following types with your repository: org.springframework.data.jpa.repository.JpaRepository","context":"default"}
{"timestamp":"2024-07-10 14:56:56.775","level":"INFO","thread":"main","logger":"org.springframework.data.repository.config.RepositoryConfigurationDelegate","message":"Finished Spring Data repository scanning in 8 ms. Found 0 JPA repository interfaces.","context":"default"}
{"timestamp":"2024-07-10 14:56:56.833","level":"INFO","thread":"main","logger":"org.springframework.data.repository.config.RepositoryConfigurationDelegate","message":"Multiple Spring Data modules found, entering strict repository configuration mode","context":"default"}
{"timestamp":"2024-07-10 14:56:56.834","level":"INFO","thread":"main","logger":"org.springframework.data.repository.config.RepositoryConfigurationDelegate","message":"Bootstrapping Spring Data Elasticsearch repositories in DEFAULT mode.","context":"default"}
{"timestamp":"2024-07-10 14:56:56.871","level":"INFO","thread":"main","logger":"org.springframework.data.repository.config.RepositoryConfigurationDelegate","message":"Finished Spring Data repository scanning in 37 ms. Found 1 Elasticsearch repository interface.","context":"default"}
{"timestamp":"2024-07-10 14:56:56.874","level":"INFO","thread":"main","logger":"org.springframework.data.repository.config.RepositoryConfigurationDelegate","message":"Multiple Spring Data modules found, entering strict repository configuration mode","context":"default"}
{"timestamp":"2024-07-10 14:56:56.874","level":"INFO","thread":"main","logger":"org.springframework.data.repository.config.RepositoryConfigurationDelegate","message":"Bootstrapping Spring Data Reactive Elasticsearch repositories in DEFAULT mode.","context":"default"}
{"timestamp":"2024-07-10 14:56:56.875","level":"INFO","thread":"main","logger":"org.springframework.data.repository.config.RepositoryConfigurationDelegate","message":"Finished Spring Data repository scanning in 0 ms. Found 0 Reactive Elasticsearch repository interfaces.","context":"default"}
{"timestamp":"2024-07-10 14:56:57.129","level":"INFO","thread":"main","logger":"org.springframework.boot.web.embedded.tomcat.TomcatWebServer","message":"Tomcat initialized with port 8080 (http)","context":"default"}
{"timestamp":"2024-07-10 14:56:57.134","level":"INFO","thread":"main","logger":"org.apache.coyote.http11.Http11NioProtocol","message":"Initializing ProtocolHandler [\"http-nio-8080\"]","context":"default"}
{"timestamp":"2024-07-10 14:56:57.135","level":"INFO","thread":"main","logger":"org.apache.catalina.core.StandardService","message":"Starting service [Tomcat]","context":"default"}
{"timestamp":"2024-07-10 14:56:57.135","level":"INFO","thread":"main","logger":"org.apache.catalina.core.StandardEngine","message":"Starting Servlet engine: [Apache Tomcat/10.1.25]","context":"default"}
{"timestamp":"2024-07-10 14:56:57.155","level":"INFO","thread":"main","logger":"org.apache.catalina.core.ContainerBase.[Tomcat].[localhost].[/]","message":"Initializing Spring embedded WebApplicationContext","context":"default"}
{"timestamp":"2024-07-10 14:56:57.156","level":"INFO","thread":"main","logger":"org.springframework.boot.web.servlet.context.ServletWebServerApplicationContext","message":"Root WebApplicationContext: initialization completed in 688 ms","context":"default"}
{"timestamp":"2024-07-10 14:56:57.282","level":"INFO","thread":"main","logger":"com.zaxxer.hikari.HikariDataSource","message":"HikariPool-1 - Starting...","context":"default"}
{"timestamp":"2024-07-10 14:56:57.366","level":"INFO","thread":"main","logger":"com.zaxxer.hikari.pool.HikariPool","message":"HikariPool-1 - Added connection conn0: url=jdbc:h2:mem:b4a91258-a55c-4ae3-ab46-e2fdaeaa3473 user=SA","context":"default"}
{"timestamp":"2024-07-10 14:56:57.367","level":"INFO","thread":"main","logger":"com.zaxxer.hikari.HikariDataSource","message":"HikariPool-1 - Start completed.","context":"default"}
{"timestamp":"2024-07-10 14:56:57.385","level":"INFO","thread":"main","logger":"org.hibernate.jpa.internal.util.LogHelper","message":"HHH000204: Processing PersistenceUnitInfo [name: default]","context":"default"}
{"timestamp":"2024-07-10 14:56:57.411","level":"INFO","thread":"main","logger":"org.hibernate.Version","message":"HHH000412: Hibernate ORM core version 6.5.2.Final","context":"default"}
{"timestamp":"2024-07-10 14:56:57.426","level":"INFO","thread":"main","logger":"org.hibernate.cache.internal.RegionFactoryInitiator","message":"HHH000026: Second-level cache disabled","context":"default"}
{"timestamp":"2024-07-10 14:56:57.547","level":"INFO","thread":"main","logger":"org.springframework.orm.jpa.persistenceunit.SpringPersistenceUnitInfo","message":"No LoadTimeWeaver setup: ignoring JPA class transformer","context":"default"}
{"timestamp":"2024-07-10 14:56:57.704","level":"INFO","thread":"main","logger":"org.hibernate.engine.transaction.jta.platform.internal.JtaPlatformInitiator","message":"HHH000489: No JTA platform available (set 'hibernate.transaction.jta.platform' to enable JTA platform integration)","context":"default"}
{"timestamp":"2024-07-10 14:56:57.706","level":"INFO","thread":"main","logger":"org.springframework.orm.jpa.LocalContainerEntityManagerFactoryBean","message":"Initialized JPA EntityManagerFactory for persistence unit 'default'","context":"default"}
{"timestamp":"2024-07-10 14:56:57.750","level":"WARN","thread":"main","logger":"com.azure.core.http.netty.implementation.Utility","message":"The following Netty dependencies have versions that do not match the versions specified in the azure-core-http-netty pom.xml file. This may result in unexpected behavior. If your application runs without issue this message can be ignored, otherwise please update the Netty dependencies to match the versions specified in the pom.xml file. Versions found in runtime: 'io.netty:netty-common' version: 4.1.111.Final (expected: 4.1.101.Final),'io.netty:netty-handler' version: 4.1.111.Final (expected: 4.1.101.Final),'io.netty:netty-handler-proxy' version: 4.1.111.Final (expected: 4.1.101.Final),'io.netty:netty-buffer' version: 4.1.111.Final (expected: 4.1.101.Final),'io.netty:netty-codec' version: 4.1.111.Final (expected: 4.1.101.Final),'io.netty:netty-codec-http' version: 4.1.111.Final (expected: 4.1.101.Final),'io.netty:netty-codec-http2' version: 4.1.111.Final (expected: 4.1.101.Final),'io.netty:netty-transport-native-unix-common' version: 4.1.111.Final (expected: 4.1.101.Final),'io.netty:netty-transport-native-epoll' version: 4.1.111.Final (expected: 4.1.101.Final),'io.netty:netty-transport-native-kqueue' version: 4.1.111.Final (expected: 4.1.101.Final)","context":"default"}
{"timestamp":"2024-07-10 14:56:58.102","level":"WARN","thread":"main","logger":"org.springframework.boot.autoconfigure.orm.jpa.JpaBaseConfiguration$JpaWebConfiguration","message":"spring.jpa.open-in-view is enabled by default. Therefore, database queries may be performed during view rendering. Explicitly configure spring.jpa.open-in-view to disable this warning","context":"default"}
{"timestamp":"2024-07-10 14:56:58.423","level":"INFO","thread":"main","logger":"org.springframework.boot.actuate.endpoint.web.EndpointLinksResolver","message":"Exposing 3 endpoints beneath base path '/actuator'","context":"default"}
{"timestamp":"2024-07-10 14:56:58.449","level":"INFO","thread":"main","logger":"org.apache.coyote.http11.Http11NioProtocol","message":"Starting ProtocolHandler [\"http-nio-8080\"]","context":"default"}
{"timestamp":"2024-07-10 14:56:58.453","level":"INFO","thread":"main","logger":"org.springframework.boot.web.embedded.tomcat.TomcatWebServer","message":"Tomcat started on port 8080 (http) with context path '/'","context":"default"}
{"timestamp":"2024-07-10 14:56:58.461","level":"INFO","thread":"main","logger":"com.example.demo.DemoApplication","message":"Started DemoApplication in 2.113 seconds (process running for 2.426)","context":"default"}
{"timestamp":"2024-07-10 14:56:58.753","level":"INFO","thread":"RMI TCP Connection(3)-127.0.0.1","logger":"org.apache.catalina.core.ContainerBase.[Tomcat].[localhost].[/]","message":"Initializing Spring DispatcherServlet 'dispatcherServlet'","context":"default"}
{"timestamp":"2024-07-10 14:56:58.754","level":"INFO","thread":"RMI TCP Connection(3)-127.0.0.1","logger":"org.springframework.web.servlet.DispatcherServlet","message":"Initializing Servlet 'dispatcherServlet'","context":"default"}
{"timestamp":"2024-07-10 14:56:58.754","level":"INFO","thread":"RMI TCP Connection(3)-127.0.0.1","logger":"org.springframework.web.servlet.DispatcherServlet","message":"Completed initialization in 0 ms","context":"default"}
{"timestamp":"2024-07-10 14:57:14.126","level":"INFO","thread":"http-nio-8080-exec-4","logger":"org.springdoc.api.AbstractOpenApiResource","message":"Init duration for springdoc-openapi is: 107 ms","context":"default"}
{"timestamp":"2024-07-10 14:57:19.912","level":"INFO","thread":"http-nio-8080-exec-5","logger":"com.example.demo.CoctailController","message":"Fetching cocktail details for Margerita","context":"default"}
{"timestamp":"2024-07-10 14:57:41.362","level":"INFO","thread":"SpringApplicationShutdownHook","logger":"org.springframework.orm.jpa.LocalContainerEntityManagerFactoryBean","message":"Closing JPA EntityManagerFactory for persistence unit 'default'","context":"default"}
{"timestamp":"2024-07-10 14:57:41.366","level":"INFO","thread":"SpringApplicationShutdownHook","logger":"com.zaxxer.hikari.HikariDataSource","message":"HikariPool-1 - Shutdown initiated...","context":"default"}
{"timestamp":"2024-07-10 14:57:41.368","level":"INFO","thread":"SpringApplicationShutdownHook","logger":"com.zaxxer.hikari.HikariDataSource","message":"HikariPool-1 - Shutdown completed.","context":"default"}
{"timestamp":"2024-07-10 14:57:42.992","level":"INFO","thread":"main","logger":"com.example.demo.DemoApplication","message":"Starting DemoApplication using Java 22.0.1 with PID 13009 (/Users/markolumbar/Downloads/demo 2/target/classes started by markolumbar in /Users/markolumbar/Downloads/demo 2)","context":"default"}
{"timestamp":"2024-07-10 14:57:42.998","level":"INFO","thread":"main","logger":"com.example.demo.DemoApplication","message":"No active profile set, falling back to 1 default profile: \"default\"","context":"default"}
{"timestamp":"2024-07-10 14:57:43.303","level":"INFO","thread":"main","logger":"org.springframework.data.repository.config.RepositoryConfigurationDelegate","message":"Multiple Spring Data modules found, entering strict repository configuration mode","context":"default"}
{"timestamp":"2024-07-10 14:57:43.303","level":"INFO","thread":"main","logger":"org.springframework.data.repository.config.RepositoryConfigurationDelegate","message":"Bootstrapping Spring Data JPA repositories in DEFAULT mode.","context":"default"}
{"timestamp":"2024-07-10 14:57:43.314","level":"INFO","thread":"main","logger":"org.springframework.data.repository.config.RepositoryConfigurationExtensionSupport","message":"Spring Data JPA - Could not safely identify store assignment for repository candidate interface com.example.demo.wikipedia.WikipediaRepository; If you want this repository to be a JPA repository, consider annotating your entities with one of these annotations: jakarta.persistence.Entity, jakarta.persistence.MappedSuperclass (preferred), or consider extending one of the following types with your repository: org.springframework.data.jpa.repository.JpaRepository","context":"default"}
{"timestamp":"2024-07-10 14:57:43.315","level":"INFO","thread":"main","logger":"org.springframework.data.repository.config.RepositoryConfigurationDelegate","message":"Finished Spring Data repository scanning in 8 ms. Found 0 JPA repository interfaces.","context":"default"}
{"timestamp":"2024-07-10 14:57:43.371","level":"INFO","thread":"main","logger":"org.springframework.data.repository.config.RepositoryConfigurationDelegate","message":"Multiple Spring Data modules found, entering strict repository configuration mode","context":"default"}
{"timestamp":"2024-07-10 14:57:43.371","level":"INFO","thread":"main","logger":"org.springframework.data.repository.config.RepositoryConfigurationDelegate","message":"Bootstrapping Spring Data Elasticsearch repositories in DEFAULT mode.","context":"default"}
{"timestamp":"2024-07-10 14:57:43.409","level":"INFO","thread":"main","logger":"org.springframework.data.repository.config.RepositoryConfigurationDelegate","message":"Finished Spring Data repository scanning in 37 ms. Found 1 Elasticsearch repository interface.","context":"default"}
{"timestamp":"2024-07-10 14:57:43.411","level":"INFO","thread":"main","logger":"org.springframework.data.repository.config.RepositoryConfigurationDelegate","message":"Multiple Spring Data modules found, entering strict repository configuration mode","context":"default"}
{"timestamp":"2024-07-10 14:57:43.411","level":"INFO","thread":"main","logger":"org.springframework.data.repository.config.RepositoryConfigurationDelegate","message":"Bootstrapping Spring Data Reactive Elasticsearch repositories in DEFAULT mode.","context":"default"}
{"timestamp":"2024-07-10 14:57:43.412","level":"INFO","thread":"main","logger":"org.springframework.data.repository.config.RepositoryConfigurationDelegate","message":"Finished Spring Data repository scanning in 0 ms. Found 0 Reactive Elasticsearch repository interfaces.","context":"default"}
{"timestamp":"2024-07-10 14:57:43.660","level":"INFO","thread":"main","logger":"org.springframework.boot.web.embedded.tomcat.TomcatWebServer","message":"Tomcat initialized with port 8080 (http)","context":"default"}
{"timestamp":"2024-07-10 14:57:43.663","level":"INFO","thread":"main","logger":"org.apache.coyote.http11.Http11NioProtocol","message":"Initializing ProtocolHandler [\"http-nio-8080\"]","context":"default"}
{"timestamp":"2024-07-10 14:57:43.664","level":"INFO","thread":"main","logger":"org.apache.catalina.core.StandardService","message":"Starting service [Tomcat]","context":"default"}
{"timestamp":"2024-07-10 14:57:43.664","level":"INFO","thread":"main","logger":"org.apache.catalina.core.StandardEngine","message":"Starting Servlet engine: [Apache Tomcat/10.1.25]","context":"default"}
{"timestamp":"2024-07-10 14:57:43.681","level":"INFO","thread":"main","logger":"org.apache.catalina.core.ContainerBase.[Tomcat].[localhost].[/]","message":"Initializing Spring embedded WebApplicationContext","context":"default"}
{"timestamp":"2024-07-10 14:57:43.681","level":"INFO","thread":"main","logger":"org.springframework.boot.web.servlet.context.ServletWebServerApplicationContext","message":"Root WebApplicationContext: initialization completed in 670 ms","context":"default"}
{"timestamp":"2024-07-10 14:57:43.782","level":"INFO","thread":"main","logger":"com.zaxxer.hikari.HikariDataSource","message":"HikariPool-1 - Starting...","context":"default"}
{"timestamp":"2024-07-10 14:57:43.850","level":"INFO","thread":"main","logger":"com.zaxxer.hikari.pool.HikariPool","message":"HikariPool-1 - Added connection conn0: url=jdbc:h2:mem:4a669f58-06a7-41dd-9532-a44aa78e1635 user=SA","context":"default"}
{"timestamp":"2024-07-10 14:57:43.851","level":"INFO","thread":"main","logger":"com.zaxxer.hikari.HikariDataSource","message":"HikariPool-1 - Start completed.","context":"default"}
{"timestamp":"2024-07-10 14:57:43.867","level":"INFO","thread":"main","logger":"org.hibernate.jpa.internal.util.LogHelper","message":"HHH000204: Processing PersistenceUnitInfo [name: default]","context":"default"}
{"timestamp":"2024-07-10 14:57:43.891","level":"INFO","thread":"main","logger":"org.hibernate.Version","message":"HHH000412: Hibernate ORM core version 6.5.2.Final","context":"default"}
{"timestamp":"2024-07-10 14:57:43.904","level":"INFO","thread":"main","logger":"org.hibernate.cache.internal.RegionFactoryInitiator","message":"HHH000026: Second-level cache disabled","context":"default"}
{"timestamp":"2024-07-10 14:57:44.012","level":"INFO","thread":"main","logger":"org.springframework.orm.jpa.persistenceunit.SpringPersistenceUnitInfo","message":"No LoadTimeWeaver setup: ignoring JPA class transformer","context":"default"}
{"timestamp":"2024-07-10 14:57:44.180","level":"INFO","thread":"main","logger":"org.hibernate.engine.transaction.jta.platform.internal.JtaPlatformInitiator","message":"HHH000489: No JTA platform available (set 'hibernate.transaction.jta.platform' to enable JTA platform integration)","context":"default"}
{"timestamp":"2024-07-10 14:57:44.182","level":"INFO","thread":"main","logger":"org.springframework.orm.jpa.LocalContainerEntityManagerFactoryBean","message":"Initialized JPA EntityManagerFactory for persistence unit 'default'","context":"default"}
{"timestamp":"2024-07-10 14:57:44.228","level":"WARN","thread":"main","logger":"com.azure.core.http.netty.implementation.Utility","message":"The following Netty dependencies have versions that do not match the versions specified in the azure-core-http-netty pom.xml file. This may result in unexpected behavior. If your application runs without issue this message can be ignored, otherwise please update the Netty dependencies to match the versions specified in the pom.xml file. Versions found in runtime: 'io.netty:netty-common' version: 4.1.111.Final (expected: 4.1.101.Final),'io.netty:netty-handler' version: 4.1.111.Final (expected: 4.1.101.Final),'io.netty:netty-handler-proxy' version: 4.1.111.Final (expected: 4.1.101.Final),'io.netty:netty-buffer' version: 4.1.111.Final (expected: 4.1.101.Final),'io.netty:netty-codec' version: 4.1.111.Final (expected: 4.1.101.Final),'io.netty:netty-codec-http' version: 4.1.111.Final (expected: 4.1.101.Final),'io.netty:netty-codec-http2' version: 4.1.111.Final (expected: 4.1.101.Final),'io.netty:netty-transport-native-unix-common' version: 4.1.111.Final (expected: 4.1.101.Final),'io.netty:netty-transport-native-epoll' version: 4.1.111.Final (expected: 4.1.101.Final),'io.netty:netty-transport-native-kqueue' version: 4.1.111.Final (expected: 4.1.101.Final)","context":"default"}
{"timestamp":"2024-07-10 14:57:44.572","level":"WARN","thread":"main","logger":"org.springframework.boot.autoconfigure.orm.jpa.JpaBaseConfiguration$JpaWebConfiguration","message":"spring.jpa.open-in-view is enabled by default. Therefore, database queries may be performed during view rendering. Explicitly configure spring.jpa.open-in-view to disable this warning","context":"default"}
{"timestamp":"2024-07-10 14:57:44.902","level":"INFO","thread":"main","logger":"org.springframework.boot.actuate.endpoint.web.EndpointLinksResolver","message":"Exposing 3 endpoints beneath base path '/actuator'","context":"default"}
{"timestamp":"2024-07-10 14:57:44.927","level":"INFO","thread":"main","logger":"org.apache.coyote.http11.Http11NioProtocol","message":"Starting ProtocolHandler [\"http-nio-8080\"]","context":"default"}
{"timestamp":"2024-07-10 14:57:44.931","level":"INFO","thread":"main","logger":"org.springframework.boot.web.embedded.tomcat.TomcatWebServer","message":"Tomcat started on port 8080 (http) with context path '/'","context":"default"}
{"timestamp":"2024-07-10 14:57:44.939","level":"INFO","thread":"main","logger":"com.example.demo.DemoApplication","message":"Started DemoApplication in 2.049 seconds (process running for 2.355)","context":"default"}
{"timestamp":"2024-07-10 14:57:45.292","level":"INFO","thread":"RMI TCP Connection(3)-127.0.0.1","logger":"org.apache.catalina.core.ContainerBase.[Tomcat].[localhost].[/]","message":"Initializing Spring DispatcherServlet 'dispatcherServlet'","context":"default"}
{"timestamp":"2024-07-10 14:57:45.292","level":"INFO","thread":"RMI TCP Connection(3)-127.0.0.1","logger":"org.springframework.web.servlet.DispatcherServlet","message":"Initializing Servlet 'dispatcherServlet'","context":"default"}
{"timestamp":"2024-07-10 14:57:45.293","level":"INFO","thread":"RMI TCP Connection(3)-127.0.0.1","logger":"org.springframework.web.servlet.DispatcherServlet","message":"Completed initialization in 1 ms","context":"default"}
{"timestamp":"2024-07-10 14:57:55.586","level":"INFO","thread":"http-nio-8080-exec-4","logger":"org.springdoc.api.AbstractOpenApiResource","message":"Init duration for springdoc-openapi is: 101 ms","context":"default"}
{"timestamp":"2024-07-10 15:01:01.882","level":"INFO","thread":"SpringApplicationShutdownHook","logger":"org.springframework.orm.jpa.LocalContainerEntityManagerFactoryBean","message":"Closing JPA EntityManagerFactory for persistence unit 'default'","context":"default"}
{"timestamp":"2024-07-10 15:01:01.887","level":"INFO","thread":"SpringApplicationShutdownHook","logger":"com.zaxxer.hikari.HikariDataSource","message":"HikariPool-1 - Shutdown initiated...","context":"default"}
{"timestamp":"2024-07-10 15:01:01.888","level":"INFO","thread":"SpringApplicationShutdownHook","logger":"com.zaxxer.hikari.HikariDataSource","message":"HikariPool-1 - Shutdown completed.","context":"default"}
{"timestamp":"2024-07-10 15:01:03.523","level":"INFO","thread":"main","logger":"com.example.demo.DemoApplication","message":"Starting DemoApplication using Java 22.0.1 with PID 13129 (/Users/markolumbar/Downloads/demo 2/target/classes started by markolumbar in /Users/markolumbar/Downloads/demo 2)","context":"default"}
{"timestamp":"2024-07-10 15:01:03.529","level":"INFO","thread":"main","logger":"com.example.demo.DemoApplication","message":"No active profile set, falling back to 1 default profile: \"default\"","context":"default"}
{"timestamp":"2024-07-10 15:01:03.831","level":"INFO","thread":"main","logger":"org.springframework.data.repository.config.RepositoryConfigurationDelegate","message":"Multiple Spring Data modules found, entering strict repository configuration mode","context":"default"}
{"timestamp":"2024-07-10 15:01:03.832","level":"INFO","thread":"main","logger":"org.springframework.data.repository.config.RepositoryConfigurationDelegate","message":"Bootstrapping Spring Data JPA repositories in DEFAULT mode.","context":"default"}
{"timestamp":"2024-07-10 15:01:03.843","level":"INFO","thread":"main","logger":"org.springframework.data.repository.config.RepositoryConfigurationExtensionSupport","message":"Spring Data JPA - Could not safely identify store assignment for repository candidate interface com.example.demo.wikipedia.WikipediaRepository; If you want this repository to be a JPA repository, consider annotating your entities with one of these annotations: jakarta.persistence.Entity, jakarta.persistence.MappedSuperclass (preferred), or consider extending one of the following types with your repository: org.springframework.data.jpa.repository.JpaRepository","context":"default"}
{"timestamp":"2024-07-10 15:01:03.843","level":"INFO","thread":"main","logger":"org.springframework.data.repository.config.RepositoryConfigurationDelegate","message":"Finished Spring Data repository scanning in 8 ms. Found 0 JPA repository interfaces.","context":"default"}
{"timestamp":"2024-07-10 15:01:03.900","level":"INFO","thread":"main","logger":"org.springframework.data.repository.config.RepositoryConfigurationDelegate","message":"Multiple Spring Data modules found, entering strict repository configuration mode","context":"default"}
{"timestamp":"2024-07-10 15:01:03.901","level":"INFO","thread":"main","logger":"org.springframework.data.repository.config.RepositoryConfigurationDelegate","message":"Bootstrapping Spring Data Elasticsearch repositories in DEFAULT mode.","context":"default"}
{"timestamp":"2024-07-10 15:01:03.939","level":"INFO","thread":"main","logger":"org.springframework.data.repository.config.RepositoryConfigurationDelegate","message":"Finished Spring Data repository scanning in 37 ms. Found 1 Elasticsearch repository interface.","context":"default"}
{"timestamp":"2024-07-10 15:01:03.941","level":"INFO","thread":"main","logger":"org.springframework.data.repository.config.RepositoryConfigurationDelegate","message":"Multiple Spring Data modules found, entering strict repository configuration mode","context":"default"}
{"timestamp":"2024-07-10 15:01:03.941","level":"INFO","thread":"main","logger":"org.springframework.data.repository.config.RepositoryConfigurationDelegate","message":"Bootstrapping Spring Data Reactive Elasticsearch repositories in DEFAULT mode.","context":"default"}
{"timestamp":"2024-07-10 15:01:03.942","level":"INFO","thread":"main","logger":"org.springframework.data.repository.config.RepositoryConfigurationDelegate","message":"Finished Spring Data repository scanning in 0 ms. Found 0 Reactive Elasticsearch repository interfaces.","context":"default"}
{"timestamp":"2024-07-10 15:01:04.190","level":"INFO","thread":"main","logger":"org.springframework.boot.web.embedded.tomcat.TomcatWebServer","message":"Tomcat initialized with port 8080 (http)","context":"default"}
{"timestamp":"2024-07-10 15:01:04.194","level":"INFO","thread":"main","logger":"org.apache.coyote.http11.Http11NioProtocol","message":"Initializing ProtocolHandler [\"http-nio-8080\"]","context":"default"}
{"timestamp":"2024-07-10 15:01:04.194","level":"INFO","thread":"main","logger":"org.apache.catalina.core.StandardService","message":"Starting service [Tomcat]","context":"default"}
{"timestamp":"2024-07-10 15:01:04.194","level":"INFO","thread":"main","logger":"org.apache.catalina.core.StandardEngine","message":"Starting Servlet engine: [Apache Tomcat/10.1.25]","context":"default"}
{"timestamp":"2024-07-10 15:01:04.211","level":"INFO","thread":"main","logger":"org.apache.catalina.core.ContainerBase.[Tomcat].[localhost].[/]","message":"Initializing Spring embedded WebApplicationContext","context":"default"}
{"timestamp":"2024-07-10 15:01:04.211","level":"INFO","thread":"main","logger":"org.springframework.boot.web.servlet.context.ServletWebServerApplicationContext","message":"Root WebApplicationContext: initialization completed in 670 ms","context":"default"}
{"timestamp":"2024-07-10 15:01:04.312","level":"INFO","thread":"main","logger":"com.zaxxer.hikari.HikariDataSource","message":"HikariPool-1 - Starting...","context":"default"}
{"timestamp":"2024-07-10 15:01:04.380","level":"INFO","thread":"main","logger":"com.zaxxer.hikari.pool.HikariPool","message":"HikariPool-1 - Added connection conn0: url=jdbc:h2:mem:4f86e743-a778-4f08-89e8-3174d270c1cd user=SA","context":"default"}
{"timestamp":"2024-07-10 15:01:04.381","level":"INFO","thread":"main","logger":"com.zaxxer.hikari.HikariDataSource","message":"HikariPool-1 - Start completed.","context":"default"}
{"timestamp":"2024-07-10 15:01:04.398","level":"INFO","thread":"main","logger":"org.hibernate.jpa.internal.util.LogHelper","message":"HHH000204: Processing PersistenceUnitInfo [name: default]","context":"default"}
{"timestamp":"2024-07-10 15:01:04.422","level":"INFO","thread":"main","logger":"org.hibernate.Version","message":"HHH000412: Hibernate ORM core version 6.5.2.Final","context":"default"}
{"timestamp":"2024-07-10 15:01:04.436","level":"INFO","thread":"main","logger":"org.hibernate.cache.internal.RegionFactoryInitiator","message":"HHH000026: Second-level cache disabled","context":"default"}
{"timestamp":"2024-07-10 15:01:04.545","level":"INFO","thread":"main","logger":"org.springframework.orm.jpa.persistenceunit.SpringPersistenceUnitInfo","message":"No LoadTimeWeaver setup: ignoring JPA class transformer","context":"default"}
{"timestamp":"2024-07-10 15:01:04.700","level":"INFO","thread":"main","logger":"org.hibernate.engine.transaction.jta.platform.internal.JtaPlatformInitiator","message":"HHH000489: No JTA platform available (set 'hibernate.transaction.jta.platform' to enable JTA platform integration)","context":"default"}
{"timestamp":"2024-07-10 15:01:04.702","level":"INFO","thread":"main","logger":"org.springframework.orm.jpa.LocalContainerEntityManagerFactoryBean","message":"Initialized JPA EntityManagerFactory for persistence unit 'default'","context":"default"}
{"timestamp":"2024-07-10 15:01:04.748","level":"WARN","thread":"main","logger":"com.azure.core.http.netty.implementation.Utility","message":"The following Netty dependencies have versions that do not match the versions specified in the azure-core-http-netty pom.xml file. This may result in unexpected behavior. If your application runs without issue this message can be ignored, otherwise please update the Netty dependencies to match the versions specified in the pom.xml file. Versions found in runtime: 'io.netty:netty-common' version: 4.1.111.Final (expected: 4.1.101.Final),'io.netty:netty-handler' version: 4.1.111.Final (expected: 4.1.101.Final),'io.netty:netty-handler-proxy' version: 4.1.111.Final (expected: 4.1.101.Final),'io.netty:netty-buffer' version: 4.1.111.Final (expected: 4.1.101.Final),'io.netty:netty-codec' version: 4.1.111.Final (expected: 4.1.101.Final),'io.netty:netty-codec-http' version: 4.1.111.Final (expected: 4.1.101.Final),'io.netty:netty-codec-http2' version: 4.1.111.Final (expected: 4.1.101.Final),'io.netty:netty-transport-native-unix-common' version: 4.1.111.Final (expected: 4.1.101.Final),'io.netty:netty-transport-native-epoll' version: 4.1.111.Final (expected: 4.1.101.Final),'io.netty:netty-transport-native-kqueue' version: 4.1.111.Final (expected: 4.1.101.Final)","context":"default"}
{"timestamp":"2024-07-10 15:01:05.095","level":"WARN","thread":"main","logger":"org.springframework.boot.autoconfigure.orm.jpa.JpaBaseConfiguration$JpaWebConfiguration","message":"spring.jpa.open-in-view is enabled by default. Therefore, database queries may be performed during view rendering. Explicitly configure spring.jpa.open-in-view to disable this warning","context":"default"}
{"timestamp":"2024-07-10 15:01:05.413","level":"INFO","thread":"main","logger":"org.springframework.boot.actuate.endpoint.web.EndpointLinksResolver","message":"Exposing 3 endpoints beneath base path '/actuator'","context":"default"}
{"timestamp":"2024-07-10 15:01:05.439","level":"INFO","thread":"main","logger":"org.apache.coyote.http11.Http11NioProtocol","message":"Starting ProtocolHandler [\"http-nio-8080\"]","context":"default"}
{"timestamp":"2024-07-10 15:01:05.443","level":"INFO","thread":"main","logger":"org.springframework.boot.web.embedded.tomcat.TomcatWebServer","message":"Tomcat started on port 8080 (http) with context path '/'","context":"default"}
{"timestamp":"2024-07-10 15:01:05.450","level":"INFO","thread":"main","logger":"com.example.demo.DemoApplication","message":"Started DemoApplication in 2.029 seconds (process running for 2.344)","context":"default"}
{"timestamp":"2024-07-10 15:01:05.812","level":"INFO","thread":"RMI TCP Connection(1)-127.0.0.1","logger":"org.apache.catalina.core.ContainerBase.[Tomcat].[localhost].[/]","message":"Initializing Spring DispatcherServlet 'dispatcherServlet'","context":"default"}
{"timestamp":"2024-07-10 15:01:05.813","level":"INFO","thread":"RMI TCP Connection(1)-127.0.0.1","logger":"org.springframework.web.servlet.DispatcherServlet","message":"Initializing Servlet 'dispatcherServlet'","context":"default"}
{"timestamp":"2024-07-10 15:01:05.814","level":"INFO","thread":"RMI TCP Connection(1)-127.0.0.1","logger":"org.springframework.web.servlet.DispatcherServlet","message":"Completed initialization in 1 ms","context":"default"}
{"timestamp":"2024-07-10 15:01:10.525","level":"INFO","thread":"http-nio-8080-exec-4","logger":"org.springdoc.api.AbstractOpenApiResource","message":"Init duration for springdoc-openapi is: 97 ms","context":"default"}
{"timestamp":"2024-07-10 15:01:16.085","level":"INFO","thread":"http-nio-8080-exec-5","logger":"com.example.demo.CoctailController","message":"Fetching cocktail details for Mojito","context":"default"}
{"timestamp":"2024-07-10 15:01:52.727","level":"INFO","thread":"http-nio-8080-exec-7","logger":"com.example.demo.CoctailController","message":"Fetching fun fact for cocktail Mojito","context":"default"}
{"timestamp":"2024-07-10 15:02:25.244","level":"INFO","thread":"http-nio-8080-exec-9","logger":"com.example.demo.CoctailController","message":"Fetching cocktail details for Mojito","context":"default"}
{"timestamp":"2024-07-10 15:02:29.979","level":"INFO","thread":"http-nio-8080-exec-10","logger":"com.example.demo.CoctailController","message":"Fetching cocktail details for Margarita","context":"default"}
{"timestamp":"2024-07-10 15:02:53.484","level":"INFO","thread":"http-nio-8080-exec-2","logger":"com.example.demo.CoctailController","message":"Fetching fun fact for cocktail Mojito","context":"default"}
